Loading parameters

Initial system energy
-42776.47783422754 kJ/mol

Energy minimization: 5000 steps
-42776.913315034064 kJ/mol

Generate initial velocities

MD run: 125000 steps
#"Progress (%)"	"Step"	"Time (ps)"	"Potential Energy (kJ/mole)"	"Temperature (K)"	"Speed (ns/day)"	"Time Remaining"
0.8%	1000	1.0000000000000007	-36778.04365613067	234.45354901253833	0	--
1.6%	2000	1.9999999999998905	-35914.222688436595	271.7177406875323	353	0:30
2.4%	3000	2.9999999999997806	-34999.011523585184	294.9505332808025	355	0:29
3.2%	4000	3.9999999999996705	-34613.171966969516	291.9310400479935	344	0:30
4.0%	5000	5.000000000000004	-33954.81916985207	289.0882657735941	329	0:31
4.8%	6000	6.000000000000338	-34301.45115400989	305.86901571809693	333	0:30
5.6%	7000	7.000000000000672	-34292.37599443529	298.5082639134664	336	0:30
6.4%	8000	8.000000000001005	-34046.827855960015	305.7287154891348	335	0:30
7.2%	9000	9.000000000000451	-33839.865623430494	310.27637208358976	334	0:30
8.0%	10000	9.999999999999897	-33914.47719180983	307.637506653982	330	0:30
8.8%	11000	10.999999999999343	-34166.39041988207	309.21597272823425	332	0:29
9.6%	12000	11.999999999998789	-33816.9416221049	306.240590505161	331	0:29
10.4%	13000	12.999999999998234	-33910.378402471106	313.67997291584425	330	0:29
11.2%	14000	13.99999999999768	-33882.4429683506	302.43978479836994	330	0:29
12.0%	15000	14.999999999997126	-34105.21583212058	306.8878504232208	329	0:28
12.8%	16000	15.999999999996572	-34122.65597227716	293.1097853490146	328	0:28
13.6%	17000	16.999999999997794	-34397.33755164266	301.74457412748876	328	0:28
14.4%	18000	17.999999999999016	-34091.53839241732	296.3365803380698	328	0:28
15.2%	19000	19.000000000000238	-34217.90509967267	297.57060017053243	328	0:27
16.0%	20000	20.00000000000146	-34376.318715817266	296.12540581441067	328	0:27
16.8%	21000	21.000000000002682	-34284.167680560844	303.7458835505927	328	0:27
17.6%	22000	22.000000000003904	-34129.29331384646	306.3342763519452	329	0:27
18.4%	23000	23.000000000005127	-34119.22232750719	303.9665652592287	329	0:26
19.2%	24000	24.00000000000635	-33944.676771439816	310.729559792492	330	0:26
20.0%	25000	25.00000000000757	-33831.897327018174	303.91088367340757	329	0:26
20.8%	26000	26.000000000008793	-34264.86883333787	302.1759349520171	329	0:26
21.6%	27000	27.000000000010015	-34145.096738843335	310.4078956900009	329	0:25
22.4%	28000	28.000000000011237	-34011.29206164344	291.58410754309784	329	0:25
23.2%	29000	29.00000000001246	-33888.31382380266	300.7791123656117	330	0:25
24.0%	30000	30.00000000001368	-34056.51052224824	298.65252005017015	328	0:25
24.8%	31000	31.000000000014904	-34089.122090749384	306.7770729681119	328	0:24
25.6%	32000	32.00000000001612	-33960.684807858226	305.64626304755365	328	0:24
26.4%	33000	33.00000000001379	-34074.7583117145	299.17468948699775	328	0:24
27.2%	34000	34.00000000001146	-33993.364943231805	300.63300025961865	328	0:24
28.0%	35000	35.00000000000913	-34113.5555092476	299.3403512361901	327	0:23
28.8%	36000	36.0000000000068	-34304.18549722989	308.7752251822891	327	0:23
29.6%	37000	37.00000000000447	-34090.57582106884	295.6911853103421	327	0:23
30.4%	38000	38.00000000000214	-34336.16769005047	309.9669816354002	327	0:22
31.2%	39000	38.99999999999981	-34226.8755714795	295.10457408992625	327	0:22
32.0%	40000	39.99999999999748	-34308.21942299616	307.86159037727504	327	0:22
32.8%	41000	40.99999999999515	-34306.2365802319	296.03012240268987	327	0:22
33.6%	42000	41.999999999992816	-34177.63462546439	296.9387429048536	327	0:21
34.4%	43000	42.999999999990486	-34065.261118442155	294.69851299515784	327	0:21
35.2%	44000	43.999999999988155	-34079.080268230406	299.0246183547496	327	0:21
36.0%	45000	44.999999999985825	-34206.10119690333	301.3966524641169	327	0:21
36.8%	46000	45.999999999983494	-34026.14433865591	300.97830529886835	327	0:20
37.6%	47000	46.99999999998116	-34020.79944307158	302.35550537956624	327	0:20
38.4%	48000	47.99999999997883	-34084.36952232885	316.75421695707297	327	0:20
39.2%	49000	48.9999999999765	-33963.7272332851	308.2231679661497	327	0:20
40.0%	50000	49.99999999997417	-34288.74455729137	301.08917807060965	327	0:19
40.8%	51000	50.99999999997184	-34143.98556277872	296.1141540318814	327	0:19
41.6%	52000	51.99999999996951	-34386.20914637488	306.76981673344244	327	0:19
42.4%	53000	52.99999999996718	-34299.959814419155	305.4408931535279	327	0:19
43.2%	54000	53.99999999996485	-33980.27788241528	295.937172547391	327	0:18
44.0%	55000	54.99999999996252	-34327.467129702374	301.4372309992003	327	0:18
44.8%	56000	55.99999999996019	-34378.27055213615	305.58768928667587	327	0:18
45.6%	57000	56.99999999995786	-34079.751343195065	299.27603496048096	327	0:17
46.4%	58000	57.99999999995553	-34167.02686704126	303.19129636978374	327	0:17
47.2%	59000	58.9999999999532	-34225.92222212782	295.9660685958886	326	0:17
48.0%	60000	59.999999999950866	-34097.60273475002	300.1056041833292	325	0:17
48.8%	61000	60.999999999948535	-34106.02338001919	303.8226577625682	325	0:16
49.6%	62000	61.999999999946205	-34182.56070149719	299.07561351451125	325	0:16
50.4%	63000	62.999999999943874	-34085.0998067942	300.7365122446635	325	0:16
51.2%	64000	63.999999999941544	-33823.10112821478	302.6039487436567	325	0:16
52.0%	65000	64.99999999994631	-33589.09274822545	302.19952770352063	325	0:15
52.8%	66000	65.99999999995109	-33871.53058083642	299.52104978201805	325	0:15
53.6%	67000	66.99999999995586	-34234.251071740044	295.90790149434	324	0:15
54.4%	68000	67.99999999996064	-34474.887285593606	314.72938957417017	325	0:15
55.2%	69000	68.99999999996541	-34093.37805545863	296.82654191126255	325	0:14
56.0%	70000	69.99999999997019	-34277.91445181816	303.2466038216094	325	0:14
56.8%	71000	70.99999999997496	-34138.08673379394	313.76423339277693	325	0:14
57.6%	72000	71.99999999997974	-34197.61958768155	307.44693710055935	325	0:14
58.4%	73000	72.99999999998451	-34002.67115589259	300.5456015699803	325	0:13
59.2%	74000	73.99999999998929	-34165.45085202147	294.4234414369522	325	0:13
60.0%	75000	74.99999999999406	-34112.12512989566	304.48793892967853	325	0:13
60.8%	76000	75.99999999999883	-34381.67980719969	300.7425856664655	325	0:13
61.6%	77000	77.00000000000361	-33713.62458856453	306.42198360132335	325	0:12
62.4%	78000	78.00000000000838	-33793.97678763949	300.6855157471255	325	0:12
63.2%	79000	79.00000000001316	-33773.54252495372	302.6328580300362	325	0:12
64.0%	80000	80.00000000001793	-34161.3111072116	310.9199605837455	325	0:11
64.8%	81000	81.00000000002271	-33966.557757983275	307.5981036935525	325	0:11
65.6%	82000	82.00000000002748	-34097.22349992723	307.5346840328432	326	0:11
66.4%	83000	83.00000000003226	-34066.275110096816	315.2988019282936	326	0:11
67.2%	84000	84.00000000003703	-34303.89772947028	305.73130101181135	326	0:10
68.0%	85000	85.00000000004181	-34375.87774306914	304.0702375808276	326	0:10
68.8%	86000	86.00000000004658	-34356.018194941105	304.1402241808259	326	0:10
69.6%	87000	87.00000000005136	-34236.939209211414	302.57069567485667	326	0:10
70.4%	88000	88.00000000005613	-34241.20892547615	295.4798515579917	326	0:09
71.2%	89000	89.00000000006091	-34478.42911285232	302.65165254374506	326	0:09
72.0%	90000	90.00000000006568	-34074.71046559281	299.37289914912117	325	0:09
72.8%	91000	91.00000000007046	-34053.59117299084	308.159015572865	325	0:09
73.6%	92000	92.00000000007523	-33930.65896499413	303.15899684740833	325	0:08
74.4%	93000	93.00000000008001	-33862.11396695442	307.9465485063223	325	0:08
75.2%	94000	94.00000000008478	-34185.282367522595	309.42706239160265	325	0:08
76.0%	95000	95.00000000008956	-33787.21730126586	304.14580942208886	325	0:07
76.8%	96000	96.00000000009433	-33855.92794337039	306.7487650570542	325	0:07
77.6%	97000	97.0000000000991	-33966.33762087586	306.02621417043076	325	0:07
78.4%	98000	98.00000000010388	-33961.880295295545	299.97490217811736	325	0:07
79.2%	99000	99.00000000010866	-33960.98051911515	300.256806448587	325	0:06
80.0%	100000	100.00000000011343	-33933.09371137619	305.831378794904	325	0:06
80.8%	101000	101.0000000001182	-33754.6309370817	304.66524283474513	325	0:06
81.6%	102000	102.00000000012298	-34145.83158997708	304.04538998727656	325	0:06
82.4%	103000	103.00000000012776	-34060.84066037294	307.1609842676216	325	0:05
83.2%	104000	104.00000000013253	-34307.42408869976	299.0689892139333	325	0:05
84.0%	105000	105.0000000001373	-34394.73596336089	301.5743433271528	325	0:05
84.8%	106000	106.00000000014208	-34184.81557118727	302.5709926829517	325	0:05
85.6%	107000	107.00000000014685	-33937.98839413628	290.76957299738353	325	0:04
86.4%	108000	108.00000000015163	-34024.197783891505	307.3320817366737	325	0:04
87.2%	109000	109.0000000001564	-33850.84587503073	299.2720930740513	325	0:04
88.0%	110000	110.00000000016118	-34169.74952402362	304.0534170840838	325	0:03
88.8%	111000	111.00000000016595	-34096.967528334964	294.5656363229549	326	0:03
89.6%	112000	112.00000000017073	-34039.94383197473	301.5641299414275	326	0:03
90.4%	113000	113.0000000001755	-33973.68106149	296.0838113345804	327	0:03
91.2%	114000	114.00000000018028	-34281.85708264334	295.12373755344936	327	0:02
92.0%	115000	115.00000000018505	-34264.4247272144	302.12653353638404	327	0:02
92.8%	116000	116.00000000018983	-34318.92995149395	304.6691940344324	327	0:02
93.6%	117000	117.0000000001946	-34248.450396733286	300.8568229086625	327	0:02
94.4%	118000	118.00000000019938	-34227.232056900175	302.0559501317985	327	0:01
95.2%	119000	119.00000000020415	-34101.85683904316	308.6369134348415	327	0:01
96.0%	120000	120.00000000020893	-34399.66327824029	308.7403877276735	327	0:01
96.8%	121000	121.0000000002137	-34076.413332906115	298.16556017463034	327	0:01
97.6%	122000	122.00000000021848	-34179.37911227018	307.41963846702566	327	0:00
98.4%	123000	123.00000000022325	-34243.38241167102	297.1778172406447	327	0:00
99.2%	124000	124.00000000022803	-34287.97773274555	307.7527363920056	327	0:00
100.0%	125000	125.0000000002328	-33993.0694189715	295.4699318142522	327	0:00
